# JRE version: OpenJDK Runtime Environment (21.0.6) (build 21.0.6+-13368085-b895.109)
# Java VM: OpenJDK 64-Bit Server VM (21.0.6+-13368085-b895.109, mixed mode, tiered, compressed oops, compressed class ptrs, g1 gc, windows-amd64)
GC Precious Log:
 CardTable entry size: 512
 Card Set container configuration: InlinePtr #cards 5 size 8 Array Of Cards #cards 12 size 40 Howl #buckets 4 coarsen threshold 1843 Howl Bitmap #cards 512 size 80 coarsen threshold 460 Card regions per heap region 1 cards per card region 2048
 CPUs: 4 total, 4 available
 Memory: 8026M
 Large Page Support: Disabled
 NUMA Support: Disabled
 Compressed Oops: Enabled (32-bit)
 Heap Region Size: 1M
 Heap Min Capacity: 8M
 Heap Initial Capacity: 126M
 Heap Max Capacity: 2G
 Pre-touch: Disabled
 Parallel Workers: 4
 Concurrent Workers: 1
 Concurrent Refinement Workers: 4
 Periodic GC: Disabled
Heap:
 garbage-first heap   total 434176K, used 374784K [0x0000000080000000, 0x0000000100000000)
  region size 1024K, 55 young (56320K), 8 survivors (8192K)
 Metaspace       used 121321K, committed 123520K, reserved 1179648K
  class space    used 16569K, committed 17664K, reserved 1048576K
GC Heap History (20 events):
Event: 39.399 GC heap before
{Heap before GC invocations=49 (full 0):
 garbage-first heap   total 208896K, used 194920K [0x0000000080000000, 0x0000000100000000)
  region size 1024K, 77 young (78848K), 5 survivors (5120K)
 Metaspace       used 115808K, committed 118080K, reserved 1179648K
  class space    used 15827K, committed 16960K, reserved 1048576K
}
Event: 39.413 GC heap after
{Heap after GC invocations=50 (full 0):
 garbage-first heap   total 208896K, used 120592K [0x0000000080000000, 0x0000000100000000)
  region size 1024K, 8 young (8192K), 8 survivors (8192K)
 Metaspace       used 115808K, committed 118080K, reserved 1179648K
  class space    used 15827K, committed 16960K, reserved 1048576K
}
Event: 40.852 GC heap before
{Heap before GC invocations=50 (full 0):
 garbage-first heap   total 208896K, used 188176K [0x0000000080000000, 0x0000000100000000)
  region size 1024K, 75 young (76800K), 8 survivors (8192K)
 Metaspace       used 116185K, committed 118464K, reserved 1179648K
  class space    used 15867K, committed 17024K, reserved 1048576K
}
Event: 40.876 GC heap after
{Heap after GC invocations=51 (full 0):
 garbage-first heap   total 208896K, used 121162K [0x0000000080000000, 0x0000000100000000)
  region size 1024K, 5 young (5120K), 5 survivors (5120K)
 Metaspace       used 116185K, committed 118464K, reserved 1179648K
  class space    used 15867K, committed 17024K, reserved 1048576K
}
Event: 41.041 GC heap before
{Heap before GC invocations=51 (full 0):
 garbage-first heap   total 208896K, used 127306K [0x0000000080000000, 0x0000000100000000)
  region size 1024K, 13 young (13312K), 5 survivors (5120K)
 Metaspace       used 116297K, committed 118528K, reserved 1179648K
  class space    used 15882K, committed 17024K, reserved 1048576K
}
Event: 41.051 GC heap after
{Heap after GC invocations=52 (full 0):
 garbage-first heap   total 208896K, used 121910K [0x0000000080000000, 0x0000000100000000)
  region size 1024K, 6 young (6144K), 6 survivors (6144K)
 Metaspace       used 116297K, committed 118528K, reserved 1179648K
  class space    used 15882K, committed 17024K, reserved 1048576K
}
Event: 42.445 GC heap before
{Heap before GC invocations=53 (full 0):
 garbage-first heap   total 211968K, used 209974K [0x0000000080000000, 0x0000000100000000)
  region size 1024K, 32 young (32768K), 6 survivors (6144K)
 Metaspace       used 118647K, committed 120960K, reserved 1179648K
  class space    used 16207K, committed 17344K, reserved 1048576K
}
Event: 42.459 GC heap after
{Heap after GC invocations=54 (full 0):
 garbage-first heap   total 226304K, used 192752K [0x0000000080000000, 0x0000000100000000)
  region size 1024K, 8 young (8192K), 8 survivors (8192K)
 Metaspace       used 118647K, committed 120960K, reserved 1179648K
  class space    used 16207K, committed 17344K, reserved 1048576K
}
Event: 42.676 GC heap before
{Heap before GC invocations=54 (full 0):
 garbage-first heap   total 226304K, used 204016K [0x0000000080000000, 0x0000000100000000)
  region size 1024K, 20 young (20480K), 8 survivors (8192K)
 Metaspace       used 119841K, committed 122112K, reserved 1179648K
  class space    used 16359K, committed 17472K, reserved 1048576K
}
Event: 42.685 GC heap after
{Heap after GC invocations=55 (full 0):
 garbage-first heap   total 226304K, used 192464K [0x0000000080000000, 0x0000000100000000)
  region size 1024K, 1 young (1024K), 1 survivors (1024K)
 Metaspace       used 119841K, committed 122112K, reserved 1179648K
  class space    used 16359K, committed 17472K, reserved 1048576K
}
Event: 42.844 GC heap before
{Heap before GC invocations=55 (full 0):
 garbage-first heap   total 226304K, used 201680K [0x0000000080000000, 0x0000000100000000)
  region size 1024K, 12 young (12288K), 1 survivors (1024K)
 Metaspace       used 120569K, committed 122816K, reserved 1179648K
  class space    used 16464K, committed 17600K, reserved 1048576K
}
Event: 42.848 GC heap after
{Heap after GC invocations=56 (full 0):
 garbage-first heap   total 226304K, used 193477K [0x0000000080000000, 0x0000000100000000)
  region size 1024K, 2 young (2048K), 2 survivors (2048K)
 Metaspace       used 120569K, committed 122816K, reserved 1179648K
  class space    used 16464K, committed 17600K, reserved 1048576K
}
Event: 42.868 GC heap before
{Heap before GC invocations=56 (full 0):
 garbage-first heap   total 226304K, used 225221K [0x0000000080000000, 0x0000000100000000)
  region size 1024K, 8 young (8192K), 2 survivors (2048K)
 Metaspace       used 120576K, committed 122816K, reserved 1179648K
  class space    used 16464K, committed 17600K, reserved 1048576K
}
Event: 42.873 GC heap after
{Heap after GC invocations=57 (full 0):
 garbage-first heap   total 276480K, used 206423K [0x0000000080000000, 0x0000000100000000)
  region size 1024K, 3 young (3072K), 3 survivors (3072K)
 Metaspace       used 120576K, committed 122816K, reserved 1179648K
  class space    used 16464K, committed 17600K, reserved 1048576K
}
Event: 45.267 GC heap before
{Heap before GC invocations=58 (full 0):
 garbage-first heap   total 434176K, used 371287K [0x0000000080000000, 0x0000000100000000)
  region size 1024K, 46 young (47104K), 3 survivors (3072K)
 Metaspace       used 121033K, committed 123264K, reserved 1179648K
  class space    used 16535K, committed 17664K, reserved 1048576K
}
Event: 45.309 GC heap after
{Heap after GC invocations=59 (full 0):
 garbage-first heap   total 434176K, used 269907K [0x0000000080000000, 0x0000000100000000)
  region size 1024K, 6 young (6144K), 6 survivors (6144K)
 Metaspace       used 121033K, committed 123264K, reserved 1179648K
  class space    used 16535K, committed 17664K, reserved 1048576K
}
Event: 47.274 GC heap before
{Heap before GC invocations=59 (full 0):
 garbage-first heap   total 434176K, used 383571K [0x0000000080000000, 0x0000000100000000)
  region size 1024K, 114 young (116736K), 6 survivors (6144K)
 Metaspace       used 121261K, committed 123520K, reserved 1179648K
  class space    used 16563K, committed 17664K, reserved 1048576K
}
Event: 47.346 GC heap after
{Heap after GC invocations=60 (full 0):
 garbage-first heap   total 434176K, used 305917K [0x0000000080000000, 0x0000000100000000)
  region size 1024K, 15 young (15360K), 15 survivors (15360K)
 Metaspace       used 121261K, committed 123520K, reserved 1179648K
  class space    used 16563K, committed 17664K, reserved 1048576K
}
Event: 47.428 GC heap before
{Heap before GC invocations=60 (full 0):
 garbage-first heap   total 434176K, used 330493K [0x0000000080000000, 0x0000000100000000)
  region size 1024K, 40 young (40960K), 15 survivors (15360K)
 Metaspace       used 121263K, committed 123520K, reserved 1179648K
  class space    used 16563K, committed 17664K, reserved 1048576K
}
Event: 47.473 GC heap after
{Heap after GC invocations=61 (full 0):
 garbage-first heap   total 434176K, used 315392K [0x0000000080000000, 0x0000000100000000)
  region size 1024K, 8 young (8192K), 8 survivors (8192K)
 Metaspace       used 121263K, committed 123520K, reserved 1179648K
  class space    used 16563K, committed 17664K, reserved 1048576K
}

