# JRE version: OpenJDK Runtime Environment (21.0.6) (build 21.0.6+-13368085-b895.109)
# Java VM: OpenJDK 64-Bit Server VM (21.0.6+-13368085-b895.109, mixed mode, tiered, compressed oops, compressed class ptrs, g1 gc, windows-amd64)
GC Precious Log:
 CardTable entry size: 512
 Card Set container configuration: InlinePtr #cards 5 size 8 Array Of Cards #cards 12 size 40 Howl #buckets 4 coarsen threshold 1843 Howl Bitmap #cards 512 size 80 coarsen threshold 460 Card regions per heap region 1 cards per card region 2048
 CPUs: 4 total, 4 available
 Memory: 8026M
 Large Page Support: Disabled
 NUMA Support: Disabled
 Compressed Oops: Enabled (32-bit)
 Heap Region Size: 1M
 Heap Min Capacity: 8M
 Heap Initial Capacity: 126M
 Heap Max Capacity: 2G
 Pre-touch: Disabled
 Parallel Workers: 4
 Concurrent Workers: 1
 Concurrent Refinement Workers: 4
 Periodic GC: Disabled
Heap:
 garbage-first heap   total 467968K, used 297472K [0x0000000080000000, 0x0000000100000000)
  region size 1024K, 71 young (72704K), 11 survivors (11264K)
 Metaspace       used 189657K, committed 191424K, reserved 1245184K
  class space    used 24456K, committed 25344K, reserved 1048576K
GC Heap History (20 events):
Event: 4327.235 GC heap before
{Heap before GC invocations=74 (full 0):
 garbage-first heap   total 279552K, used 253690K [0x0000000080000000, 0x0000000100000000)
  region size 1024K, 80 young (81920K), 9 survivors (9216K)
 Metaspace       used 141447K, committed 142976K, reserved 1179648K
  class space    used 18445K, committed 19200K, reserved 1048576K
}
Event: 4327.417 GC heap after
{Heap after GC invocations=75 (full 0):
 garbage-first heap   total 279552K, used 167305K [0x0000000080000000, 0x0000000100000000)
  region size 1024K, 4 young (4096K), 4 survivors (4096K)
 Metaspace       used 141447K, committed 142976K, reserved 1179648K
  class space    used 18445K, committed 19200K, reserved 1048576K
}
Event: 4810.304 GC heap before
{Heap before GC invocations=75 (full 0):
 garbage-first heap   total 279552K, used 251273K [0x0000000080000000, 0x0000000100000000)
  region size 1024K, 87 young (89088K), 4 survivors (4096K)
 Metaspace       used 141596K, committed 143168K, reserved 1179648K
  class space    used 18460K, committed 19264K, reserved 1048576K
}
Event: 4810.511 GC heap after
{Heap after GC invocations=76 (full 0):
 garbage-first heap   total 279552K, used 167443K [0x0000000080000000, 0x0000000100000000)
  region size 1024K, 7 young (7168K), 7 survivors (7168K)
 Metaspace       used 141596K, committed 143168K, reserved 1179648K
  class space    used 18460K, committed 19264K, reserved 1048576K
}
Event: 4813.360 GC heap before
{Heap before GC invocations=76 (full 0):
 garbage-first heap   total 279552K, used 219667K [0x0000000080000000, 0x0000000100000000)
  region size 1024K, 59 young (60416K), 7 survivors (7168K)
 Metaspace       used 141808K, committed 143360K, reserved 1179648K
  class space    used 18465K, committed 19264K, reserved 1048576K
}
Event: 4813.444 GC heap after
{Heap after GC invocations=77 (full 0):
 garbage-first heap   total 279552K, used 173056K [0x0000000080000000, 0x0000000100000000)
  region size 1024K, 8 young (8192K), 8 survivors (8192K)
 Metaspace       used 141808K, committed 143360K, reserved 1179648K
  class space    used 18465K, committed 19264K, reserved 1048576K
}
Event: 4814.920 GC heap before
{Heap before GC invocations=77 (full 0):
 garbage-first heap   total 279552K, used 207872K [0x0000000080000000, 0x0000000100000000)
  region size 1024K, 43 young (44032K), 8 survivors (8192K)
 Metaspace       used 141881K, committed 143424K, reserved 1179648K
  class space    used 18466K, committed 19264K, reserved 1048576K
}
Event: 4815.008 GC heap after
{Heap after GC invocations=78 (full 0):
 garbage-first heap   total 437248K, used 173860K [0x0000000080000000, 0x0000000100000000)
  region size 1024K, 4 young (4096K), 4 survivors (4096K)
 Metaspace       used 141881K, committed 143424K, reserved 1179648K
  class space    used 18466K, committed 19264K, reserved 1048576K
}
Event: 4830.159 GC heap before
{Heap before GC invocations=78 (full 0):
 garbage-first heap   total 437248K, used 414500K [0x0000000080000000, 0x0000000100000000)
  region size 1024K, 218 young (223232K), 4 survivors (4096K)
 Metaspace       used 152715K, committed 154304K, reserved 1245184K
  class space    used 19693K, committed 20480K, reserved 1048576K
}
Event: 4830.248 GC heap after
{Heap after GC invocations=79 (full 0):
 garbage-first heap   total 437248K, used 183171K [0x0000000080000000, 0x0000000100000000)
  region size 1024K, 9 young (9216K), 9 survivors (9216K)
 Metaspace       used 152715K, committed 154304K, reserved 1245184K
  class space    used 19693K, committed 20480K, reserved 1048576K
}
Event: 4855.888 GC heap before
{Heap before GC invocations=79 (full 0):
 garbage-first heap   total 437248K, used 203651K [0x0000000080000000, 0x0000000100000000)
  region size 1024K, 31 young (31744K), 9 survivors (9216K)
 Metaspace       used 153000K, committed 154560K, reserved 1245184K
  class space    used 19728K, committed 20480K, reserved 1048576K
}
Event: 4855.969 GC heap after
{Heap after GC invocations=80 (full 0):
 garbage-first heap   total 437248K, used 177664K [0x0000000080000000, 0x0000000100000000)
  region size 1024K, 7 young (7168K), 7 survivors (7168K)
 Metaspace       used 153000K, committed 154560K, reserved 1245184K
  class space    used 19728K, committed 20480K, reserved 1048576K
}
Event: 4865.843 GC heap before
{Heap before GC invocations=81 (full 0):
 garbage-first heap   total 437248K, used 415232K [0x0000000080000000, 0x0000000100000000)
  region size 1024K, 231 young (236544K), 7 survivors (7168K)
 Metaspace       used 156895K, committed 158464K, reserved 1245184K
  class space    used 20151K, committed 20928K, reserved 1048576K
}
Event: 4865.978 GC heap after
{Heap after GC invocations=82 (full 0):
 garbage-first heap   total 449536K, used 202946K [0x0000000080000000, 0x0000000100000000)
  region size 1024K, 29 young (29696K), 29 survivors (29696K)
 Metaspace       used 156895K, committed 158464K, reserved 1245184K
  class space    used 20151K, committed 20928K, reserved 1048576K
}
Event: 4872.989 GC heap before
{Heap before GC invocations=82 (full 0):
 garbage-first heap   total 449536K, used 408770K [0x0000000080000000, 0x0000000100000000)
  region size 1024K, 217 young (222208K), 29 survivors (29696K)
 Metaspace       used 171091K, committed 172736K, reserved 1245184K
  class space    used 21811K, committed 22592K, reserved 1048576K
}
Event: 4873.493 GC heap after
{Heap after GC invocations=83 (full 0):
 garbage-first heap   total 467968K, used 231515K [0x0000000080000000, 0x0000000100000000)
  region size 1024K, 28 young (28672K), 28 survivors (28672K)
 Metaspace       used 171091K, committed 172736K, reserved 1245184K
  class space    used 21811K, committed 22592K, reserved 1048576K
}
Event: 4873.652 GC heap before
{Heap before GC invocations=83 (full 0):
 garbage-first heap   total 467968K, used 232539K [0x0000000080000000, 0x0000000100000000)
  region size 1024K, 29 young (29696K), 28 survivors (28672K)
 Metaspace       used 171143K, committed 172736K, reserved 1245184K
  class space    used 21811K, committed 22592K, reserved 1048576K
}
Event: 4873.729 GC heap after
{Heap after GC invocations=84 (full 0):
 garbage-first heap   total 467968K, used 226816K [0x0000000080000000, 0x0000000100000000)
  region size 1024K, 2 young (2048K), 2 survivors (2048K)
 Metaspace       used 171143K, committed 172736K, reserved 1245184K
  class space    used 21811K, committed 22592K, reserved 1048576K
}
Event: 4883.739 GC heap before
{Heap before GC invocations=84 (full 0):
 garbage-first heap   total 467968K, used 417280K [0x0000000080000000, 0x0000000100000000)
  region size 1024K, 185 young (189440K), 2 survivors (2048K)
 Metaspace       used 184403K, committed 186112K, reserved 1245184K
  class space    used 23674K, committed 24512K, reserved 1048576K
}
Event: 4883.837 GC heap after
{Heap after GC invocations=85 (full 0):
 garbage-first heap   total 467968K, used 237056K [0x0000000080000000, 0x0000000100000000)
  region size 1024K, 11 young (11264K), 11 survivors (11264K)
 Metaspace       used 184403K, committed 186112K, reserved 1245184K
  class space    used 23674K, committed 24512K, reserved 1048576K
}

