# JRE version: OpenJDK Runtime Environment (21.0.6) (build 21.0.6+-13368085-b895.109)
# Java VM: OpenJDK 64-Bit Server VM (21.0.6+-13368085-b895.109, mixed mode, tiered, compressed oops, compressed class ptrs, g1 gc, windows-amd64)
GC Precious Log:
 CardTable entry size: 512
 Card Set container configuration: InlinePtr #cards 5 size 8 Array Of Cards #cards 12 size 40 Howl #buckets 4 coarsen threshold 1843 Howl Bitmap #cards 512 size 80 coarsen threshold 460 Card regions per heap region 1 cards per card region 2048
 CPUs: 4 total, 4 available
 Memory: 8026M
 Large Page Support: Disabled
 NUMA Support: Disabled
 Compressed Oops: Enabled (32-bit)
 Heap Region Size: 1M
 Heap Min Capacity: 8M
 Heap Initial Capacity: 126M
 Heap Max Capacity: 2G
 Pre-touch: Disabled
 Parallel Workers: 4
 Concurrent Workers: 1
 Concurrent Refinement Workers: 4
 Periodic GC: Disabled
Heap:
 garbage-first heap   total 345088K, used 294618K [0x0000000080000000, 0x0000000100000000)
  region size 1024K, 18 young (18432K), 5 survivors (5120K)
 Metaspace       used 131498K, committed 133824K, reserved 1179648K
  class space    used 17522K, committed 18688K, reserved 1048576K
GC Heap History (20 events):
Event: 140.425 GC heap before
{Heap before GC invocations=57 (full 0):
 garbage-first heap   total 203776K, used 183581K [0x0000000080000000, 0x0000000100000000)
  region size 1024K, 70 young (71680K), 7 survivors (7168K)
 Metaspace       used 118388K, committed 120640K, reserved 1179648K
  class space    used 16024K, committed 17152K, reserved 1048576K
}
Event: 140.458 GC heap after
{Heap after GC invocations=58 (full 0):
 garbage-first heap   total 204800K, used 133120K [0x0000000080000000, 0x0000000100000000)
  region size 1024K, 9 young (9216K), 9 survivors (9216K)
 Metaspace       used 118388K, committed 120640K, reserved 1179648K
  class space    used 16024K, committed 17152K, reserved 1048576K
}
Event: 141.645 GC heap before
{Heap before GC invocations=59 (full 0):
 garbage-first heap   total 222208K, used 189440K [0x0000000080000000, 0x0000000100000000)
  region size 1024K, 58 young (59392K), 9 survivors (9216K)
 Metaspace       used 120304K, committed 122560K, reserved 1179648K
  class space    used 16172K, committed 17280K, reserved 1048576K
}
Event: 141.661 GC heap after
{Heap after GC invocations=60 (full 0):
 garbage-first heap   total 222208K, used 141961K [0x0000000080000000, 0x0000000100000000)
  region size 1024K, 8 young (8192K), 8 survivors (8192K)
 Metaspace       used 120304K, committed 122560K, reserved 1179648K
  class space    used 16172K, committed 17280K, reserved 1048576K
}
Event: 143.078 GC heap before
{Heap before GC invocations=60 (full 0):
 garbage-first heap   total 222208K, used 198281K [0x0000000080000000, 0x0000000100000000)
  region size 1024K, 64 young (65536K), 8 survivors (8192K)
 Metaspace       used 122561K, committed 124864K, reserved 1179648K
  class space    used 16394K, committed 17536K, reserved 1048576K
}
Event: 143.091 GC heap after
{Heap after GC invocations=61 (full 0):
 garbage-first heap   total 222208K, used 140519K [0x0000000080000000, 0x0000000100000000)
  region size 1024K, 2 young (2048K), 2 survivors (2048K)
 Metaspace       used 122561K, committed 124864K, reserved 1179648K
  class space    used 16394K, committed 17536K, reserved 1048576K
}
Event: 147.151 GC heap before
{Heap before GC invocations=61 (full 0):
 garbage-first heap   total 222208K, used 200935K [0x0000000080000000, 0x0000000100000000)
  region size 1024K, 62 young (63488K), 2 survivors (2048K)
 Metaspace       used 124271K, committed 126528K, reserved 1179648K
  class space    used 16586K, committed 17728K, reserved 1048576K
}
Event: 147.157 GC heap after
{Heap after GC invocations=62 (full 0):
 garbage-first heap   total 222208K, used 143657K [0x0000000080000000, 0x0000000100000000)
  region size 1024K, 5 young (5120K), 5 survivors (5120K)
 Metaspace       used 124271K, committed 126528K, reserved 1179648K
  class space    used 16586K, committed 17728K, reserved 1048576K
}
Event: 148.536 GC heap before
{Heap before GC invocations=63 (full 0):
 garbage-first heap   total 227328K, used 194857K [0x0000000080000000, 0x0000000100000000)
  region size 1024K, 64 young (65536K), 5 survivors (5120K)
 Metaspace       used 125822K, committed 128128K, reserved 1179648K
  class space    used 16772K, committed 17920K, reserved 1048576K
}
Event: 148.548 GC heap after
{Heap after GC invocations=64 (full 0):
 garbage-first heap   total 227328K, used 139130K [0x0000000080000000, 0x0000000100000000)
  region size 1024K, 8 young (8192K), 8 survivors (8192K)
 Metaspace       used 125822K, committed 128128K, reserved 1179648K
  class space    used 16772K, committed 17920K, reserved 1048576K
}
Event: 150.189 GC heap before
{Heap before GC invocations=64 (full 0):
 garbage-first heap   total 227328K, used 205690K [0x0000000080000000, 0x0000000100000000)
  region size 1024K, 74 young (75776K), 8 survivors (8192K)
 Metaspace       used 125990K, committed 128320K, reserved 1179648K
  class space    used 16793K, committed 17984K, reserved 1048576K
}
Event: 150.234 GC heap after
{Heap after GC invocations=65 (full 0):
 garbage-first heap   total 227328K, used 132058K [0x0000000080000000, 0x0000000100000000)
  region size 1024K, 10 young (10240K), 10 survivors (10240K)
 Metaspace       used 125990K, committed 128320K, reserved 1179648K
  class space    used 16793K, committed 17984K, reserved 1048576K
}
Event: 153.132 GC heap before
{Heap before GC invocations=65 (full 0):
 garbage-first heap   total 227328K, used 199642K [0x0000000080000000, 0x0000000100000000)
  region size 1024K, 78 young (79872K), 10 survivors (10240K)
 Metaspace       used 126965K, committed 129280K, reserved 1179648K
  class space    used 16906K, committed 18048K, reserved 1048576K
}
Event: 153.145 GC heap after
{Heap after GC invocations=66 (full 0):
 garbage-first heap   total 273408K, used 130344K [0x0000000080000000, 0x0000000100000000)
  region size 1024K, 6 young (6144K), 6 survivors (6144K)
 Metaspace       used 126965K, committed 129280K, reserved 1179648K
  class space    used 16906K, committed 18048K, reserved 1048576K
}
Event: 155.445 GC heap before
{Heap before GC invocations=67 (full 0):
 garbage-first heap   total 301056K, used 299304K [0x0000000080000000, 0x0000000100000000)
  region size 1024K, 75 young (76800K), 6 survivors (6144K)
 Metaspace       used 131180K, committed 133504K, reserved 1179648K
  class space    used 17479K, committed 18688K, reserved 1048576K
}
Event: 155.464 GC heap after
{Heap after GC invocations=68 (full 0):
 garbage-first heap   total 320512K, used 222116K [0x0000000080000000, 0x0000000100000000)
  region size 1024K, 15 young (15360K), 15 survivors (15360K)
 Metaspace       used 131180K, committed 133504K, reserved 1179648K
  class space    used 17479K, committed 18688K, reserved 1048576K
}
Event: 155.524 GC heap before
{Heap before GC invocations=68 (full 0):
 garbage-first heap   total 322560K, used 321444K [0x0000000080000000, 0x0000000100000000)
  region size 1024K, 23 young (23552K), 15 survivors (15360K)
 Metaspace       used 131180K, committed 133504K, reserved 1179648K
  class space    used 17479K, committed 18688K, reserved 1048576K
}
Event: 155.586 GC heap after
{Heap after GC invocations=69 (full 0):
 garbage-first heap   total 345088K, used 263219K [0x0000000080000000, 0x0000000100000000)
  region size 1024K, 4 young (4096K), 4 survivors (4096K)
 Metaspace       used 131180K, committed 133504K, reserved 1179648K
  class space    used 17479K, committed 18688K, reserved 1048576K
}
Event: 155.587 GC heap before
{Heap before GC invocations=69 (full 0):
 garbage-first heap   total 345088K, used 264243K [0x0000000080000000, 0x0000000100000000)
  region size 1024K, 7 young (7168K), 4 survivors (4096K)
 Metaspace       used 131180K, committed 133504K, reserved 1179648K
  class space    used 17479K, committed 18688K, reserved 1048576K
}
Event: 155.596 GC heap after
{Heap after GC invocations=70 (full 0):
 garbage-first heap   total 345088K, used 263898K [0x0000000080000000, 0x0000000100000000)
  region size 1024K, 5 young (5120K), 5 survivors (5120K)
 Metaspace       used 131180K, committed 133504K, reserved 1179648K
  class space    used 17479K, committed 18688K, reserved 1048576K
}

